1649693834.8460565  47.712
1649693894.9067495  45.764
1649694204.817837  46.738
1649694264.870116  50.147
1649694324.9308212  47.225
1649694384.987184  47.712
1649694445.047915  47.225
1649694505.0564618  49.173
1649694565.0582356  46.738
1649694625.1188698  45.764
1649694685.1395462  45.764
1649694745.1895478  46.251
1649694805.1995354  45.277
1649694865.2601624  45.764
1649694925.2795448  46.251
1649694985.3401678  44.79
1649695045.4007998  44.79
1649695105.461439  45.277
1649695165.479542  46.738
1649695225.499534  43.816
1649695285.5196106  45.277
1649695345.5295846  45.277
1649695405.5902197  45.277
1649695465.6508498  44.303
1649695525.7114751  44.303
1649695585.7721162  45.277
1649695645.7791045  44.303
1649695705.7801678  43.816
1649695765.7816243  44.79
1649695825.842254  44.303
1649695885.8508503  43.816
1649695945.8520558  43.816
1649696005.912689  44.303
1649696065.9733567  43.816
1649696125.98885  44.303
1649696186.049529  44.303
1649696246.059554  43.816
1649696306.120189  44.79
1649696366.16955  45.277
1649696426.17955  44.303
1649696486.2369516  44.79
1649696546.2895505  43.329
1649696606.3501804  44.303
1649696666.3695605  43.329
1649696726.4248447  45.277
1649696786.439574  45.764
1649696846.4595754  45.277
1649696906.4944954  44.79
1649697005.4658585  47.225
